<?xml version="1.0" encoding="UTF-8"?>
<testsuite xmlns:xsi="http://www.w3.org/2001/XMLSchema-instance" xsi:noNamespaceSchemaLocation="https://maven.apache.org/surefire/maven-surefire-plugin/xsd/surefire-test-report.xsd" version="3.0.2" name="com.amit.myblog.application.comment.repository.JdbcCommentRepositoryIntegrationTest" time="1.987" tests="9" errors="0" skipped="0" failures="0">
  <properties>
[...]
</properties>
  <testcase name="shouldReturnEmptyOptionalWhenCommentIsNotFoundByPostIdAndCommentId" classname="com.amit.myblog.application.comment.repository.JdbcCommentRepositoryIntegrationTest" time="0.307">
    <system-out><![CDATA[22:14:34.223 [main] INFO org.springframework.test.context.support.AnnotationConfigContextLoaderUtils -- Could not detect default configuration classes for test class [com.amit.myblog.application.comment.repository.JdbcCommentRepositoryIntegrationTest]: JdbcCommentRepositoryIntegrationTest does not declare any static, non-private, non-final, nested classes annotated with @Configuration.
22:14:34.264 [main] INFO org.springframework.boot.test.context.SpringBootTestContextBootstrapper -- Found @SpringBootConfiguration com.amit.myblog.MyBlogApplication for test class com.amit.myblog.application.comment.repository.JdbcCommentRepositoryIntegrationTest
22:14:34.282 [main] INFO org.testcontainers.images.PullPolicy -- Image pull policy will be performed by: DefaultPullPolicy()
22:14:34.283 [main] INFO org.testcontainers.utility.ImageNameSubstitutor -- Image name substitution will be performed by: DefaultImageNameSubstitutor (composite of 'ConfigurationFileImageNameSubstitutor' and 'PrefixingImageNameSubstitutor')
22:14:34.295 [main] INFO org.testcontainers.DockerClientFactory -- Testcontainers version: 1.21.3
22:14:34.360 [main] INFO org.testcontainers.dockerclient.DockerClientProviderStrategy -- Loaded org.testcontainers.dockerclient.UnixSocketClientProviderStrategy from ~/.testcontainers.properties, will try it first
22:14:34.448 [main] INFO org.testcontainers.dockerclient.DockerClientProviderStrategy -- Found Docker environment with local Unix socket (unix:///var/run/docker.sock)
22:14:34.449 [main] INFO org.testcontainers.DockerClientFactory -- Docker host IP address is localhost
22:14:34.462 [main] INFO org.testcontainers.DockerClientFactory -- Connected to docker: 
  Server Version: 28.3.2
  API Version: 1.51
  Operating System: Docker Desktop
  Total Memory: 7836 MB
  Labels: 
    com.docker.desktop.address=unix:///Users/vladislav/Library/Containers/com.docker.docker/Data/docker-cli.sock
22:14:34.509 [main] INFO tc.testcontainers/ryuk:0.12.0 -- Creating container for image: testcontainers/ryuk:0.12.0
22:14:34.626 [main] INFO tc.testcontainers/ryuk:0.12.0 -- Container testcontainers/ryuk:0.12.0 is starting: fa3b6083930b6024277d10af07b1253ef9d0658bbd6fa893ad10f54ff8016f1c
22:14:34.751 [main] INFO tc.testcontainers/ryuk:0.12.0 -- Container testcontainers/ryuk:0.12.0 started in PT0.241755S
22:14:34.754 [main] INFO org.testcontainers.utility.RyukResourceReaper -- Ryuk started - will monitor and terminate Testcontainers containers on JVM exit
22:14:34.754 [main] INFO org.testcontainers.DockerClientFactory -- Checking the system...
22:14:34.754 [main] INFO org.testcontainers.DockerClientFactory -- ✔︎ Docker server version should be at least 1.6.0
22:14:34.755 [main] INFO tc.postgres:17.6-alpine3.22 -- Creating container for image: postgres:17.6-alpine3.22
22:14:34.782 [main] INFO tc.postgres:17.6-alpine3.22 -- Container postgres:17.6-alpine3.22 is starting: 2cbd095d16267b2214de470c927f8df9f86fb06e51fa32cdc5845feb5bbb86fb
22:14:35.406 [main] INFO tc.postgres:17.6-alpine3.22 -- Container postgres:17.6-alpine3.22 started in PT0.651209S
22:14:35.407 [main] INFO tc.postgres:17.6-alpine3.22 -- Container is started (JDBC URL: jdbc:postgresql://localhost:51199/test?loggerLevel=OFF)

  .   ____          _            __ _ _
 /\\ / ___'_ __ _ _(_)_ __  __ _ \ \ \ \
( ( )\___ | '_ | '_| | '_ \/ _` | \ \ \ \
 \\/  ___)| |_)| | | | | || (_| |  ) ) ) )
  '  |____| .__|_| |_|_| |_\__, | / / / /
 =========|_|==============|___/=/_/_/_/

 :: Spring Boot ::                (v3.5.6)

2025-10-16T22:14:35.541+02:00  INFO 3188 --- [           main] c.r.JdbcCommentRepositoryIntegrationTest : Starting JdbcCommentRepositoryIntegrationTest using Java 21.0.7 with PID 3188 (started by vladislav in /Users/vladislav/Development/yandex/blog/my-blog-back-app/myblog)
2025-10-16T22:14:35.542+02:00  INFO 3188 --- [           main] c.r.JdbcCommentRepositoryIntegrationTest : The following 1 profile is active: "test"
2025-10-16T22:14:35.684+02:00  INFO 3188 --- [           main] com.zaxxer.hikari.HikariDataSource       : HikariPool-1 - Starting...
2025-10-16T22:14:35.759+02:00  INFO 3188 --- [           main] com.zaxxer.hikari.pool.HikariPool        : HikariPool-1 - Added connection org.postgresql.jdbc.PgConnection@747f6c5a
2025-10-16T22:14:35.760+02:00  INFO 3188 --- [           main] com.zaxxer.hikari.HikariDataSource       : HikariPool-1 - Start completed.
2025-10-16T22:14:35.795+02:00  INFO 3188 --- [           main] c.r.JdbcCommentRepositoryIntegrationTest : Started JdbcCommentRepositoryIntegrationTest in 0.366 seconds (process running for 1.8)
]]></system-out>
    <system-err><![CDATA[Mockito is currently self-attaching to enable the inline-mock-maker. This will no longer work in future releases of the JDK. Please add Mockito as an agent to your build as described in Mockito's documentation: https://javadoc.io/doc/org.mockito/mockito-core/latest/org.mockito/org/mockito/Mockito.html#0.3
WARNING: A Java agent has been loaded dynamically (/Users/vladislav/.m2/repository/net/bytebuddy/byte-buddy-agent/1.17.7/byte-buddy-agent-1.17.7.jar)
WARNING: If a serviceability tool is in use, please run with -XX:+EnableDynamicAgentLoading to hide this warning
WARNING: If a serviceability tool is not in use, please run with -Djdk.instrument.traceUsage for more information
WARNING: Dynamic loading of agents will be disallowed by default in a future release
]]></system-err>
  </testcase>
  <testcase name="shouldFindAllCommentsByPostIdAndReturnListOfCommentsInInsertionOrderById" classname="com.amit.myblog.application.comment.repository.JdbcCommentRepositoryIntegrationTest" time="0.014"/>
  <testcase name="shouldReturnEmptyListWhenThereAreNoCommentsForGivenPostId" classname="com.amit.myblog.application.comment.repository.JdbcCommentRepositoryIntegrationTest" time="0.007"/>
  <testcase name="shouldUpdateCommentTextByPostIdAndCommentIdAndReturnUpdatedEntity" classname="com.amit.myblog.application.comment.repository.JdbcCommentRepositoryIntegrationTest" time="0.008"/>
  <testcase name="shouldReturnEmptyOptionalWhenUpdatingCommentThatDoesNotExist" classname="com.amit.myblog.application.comment.repository.JdbcCommentRepositoryIntegrationTest" time="0.004"/>
  <testcase name="shouldSaveCommentAndReturnSavedEntityWithGeneratedId" classname="com.amit.myblog.application.comment.repository.JdbcCommentRepositoryIntegrationTest" time="0.006"/>
  <testcase name="shouldFindCommentByPostIdAndCommentIdWhenRecordExists" classname="com.amit.myblog.application.comment.repository.JdbcCommentRepositoryIntegrationTest" time="0.005"/>
  <testcase name="shouldDeleteCommentByPostIdAndCommentIdAndReturnTrueWhenDeletionHappened" classname="com.amit.myblog.application.comment.repository.JdbcCommentRepositoryIntegrationTest" time="0.006"/>
  <testcase name="shouldReturnFalseWhenTryingToDeleteNonExistentCommentByPostIdAndCommentId" classname="com.amit.myblog.application.comment.repository.JdbcCommentRepositoryIntegrationTest" time="0.004"/>
</testsuite>