<?xml version="1.0" encoding="UTF-8"?>
<testsuite xmlns:xsi="http://www.w3.org/2001/XMLSchema-instance" xsi:noNamespaceSchemaLocation="https://maven.apache.org/surefire/maven-surefire-plugin/xsd/surefire-test-report.xsd" version="3.0.2" name="com.amit.myblog.application.comment.repository.JdbcPostCommentCounterRepositoryIntegrationTest" time="0.101" tests="3" errors="0" skipped="0" failures="0">
  <properties>
[...]
</properties>
  <testcase name="shouldIncrementCommentsCountByPostId" classname="com.amit.myblog.application.comment.repository.JdbcPostCommentCounterRepositoryIntegrationTest" time="0.014">
    <system-out><![CDATA[2025-10-16T22:14:36.164+02:00  INFO 3188 --- [           main] t.c.s.AnnotationConfigContextLoaderUtils : Could not detect default configuration classes for test class [com.amit.myblog.application.comment.repository.JdbcPostCommentCounterRepositoryIntegrationTest]: JdbcPostCommentCounterRepositoryIntegrationTest does not declare any static, non-private, non-final, nested classes annotated with @Configuration.
2025-10-16T22:14:36.167+02:00  INFO 3188 --- [           main] .b.t.c.SpringBootTestContextBootstrapper : Found @SpringBootConfiguration com.amit.myblog.MyBlogApplication for test class com.amit.myblog.application.comment.repository.JdbcPostCommentCounterRepositoryIntegrationTest

  .   ____          _            __ _ _
 /\\ / ___'_ __ _ _(_)_ __  __ _ \ \ \ \
( ( )\___ | '_ | '_| | '_ \/ _` | \ \ \ \
 \\/  ___)| |_)| | | | | || (_| |  ) ) ) )
  '  |____| .__|_| |_|_| |_\__, | / / / /
 =========|_|==============|___/=/_/_/_/

 :: Spring Boot ::                (v3.5.6)

2025-10-16T22:14:36.180+02:00  INFO 3188 --- [           main] tCommentCounterRepositoryIntegrationTest : Starting JdbcPostCommentCounterRepositoryIntegrationTest using Java 21.0.7 with PID 3188 (started by vladislav in /Users/vladislav/Development/yandex/blog/my-blog-back-app/myblog)
2025-10-16T22:14:36.180+02:00  INFO 3188 --- [           main] tCommentCounterRepositoryIntegrationTest : The following 1 profile is active: "test"
2025-10-16T22:14:36.220+02:00  INFO 3188 --- [           main] com.zaxxer.hikari.HikariDataSource       : HikariPool-2 - Starting...
2025-10-16T22:14:36.228+02:00  INFO 3188 --- [           main] com.zaxxer.hikari.pool.HikariPool        : HikariPool-2 - Added connection org.postgresql.jdbc.PgConnection@45311a99
2025-10-16T22:14:36.228+02:00  INFO 3188 --- [           main] com.zaxxer.hikari.HikariDataSource       : HikariPool-2 - Start completed.
2025-10-16T22:14:36.237+02:00  INFO 3188 --- [           main] tCommentCounterRepositoryIntegrationTest : Started JdbcPostCommentCounterRepositoryIntegrationTest in 0.069 seconds (process running for 2.242)
]]></system-out>
  </testcase>
  <testcase name="shouldBeNoOpWhenIncrementingOrDecrementingForNonExistentPostIdNoException" classname="com.amit.myblog.application.comment.repository.JdbcPostCommentCounterRepositoryIntegrationTest" time="0.005"/>
  <testcase name="shouldDecrementCommentsCountByPostIdButNotBelowZeroWhenDecrementedAfterIncrements" classname="com.amit.myblog.application.comment.repository.JdbcPostCommentCounterRepositoryIntegrationTest" time="0.007"/>
</testsuite>